[2021-01-07 18:36:29.879] [exthost] [info] extension host started
[2021-01-07 18:36:29.909] [exthost] [info] ExtensionService#_doActivateExtension vscode.microsoft-authentication {"startup":false,"extensionId":{"value":"vscode.microsoft-authentication","_lower":"vscode.microsoft-authentication"},"activationEvent":"onAuthenticationRequest:microsoft"}
[2021-01-07 18:36:29.909] [exthost] [info] ExtensionService#loadCommonJSModule file:///usr/share/code/resources/app/extensions/microsoft-authentication/dist/extension.js
[2021-01-07 18:36:29.925] [exthost] [info] ExtensionService#_doActivateExtension vscode.debug-auto-launch {"startup":true,"extensionId":{"value":"vscode.debug-auto-launch","_lower":"vscode.debug-auto-launch"},"activationEvent":"*"}
[2021-01-07 18:36:29.925] [exthost] [info] ExtensionService#loadCommonJSModule file:///usr/share/code/resources/app/extensions/debug-auto-launch/dist/extension
[2021-01-07 18:36:29.928] [exthost] [info] ExtensionService#_doActivateExtension vscode.emmet {"startup":true,"extensionId":{"value":"vscode.emmet","_lower":"vscode.emmet"},"activationEvent":"*"}
[2021-01-07 18:36:29.928] [exthost] [info] ExtensionService#loadCommonJSModule file:///usr/share/code/resources/app/extensions/emmet/dist/node/emmetNodeMain
[2021-01-07 18:36:29.956] [exthost] [info] ExtensionService#_doActivateExtension vscode.git {"startup":true,"extensionId":{"value":"vscode.github","_lower":"vscode.github"},"activationEvent":"*"}
[2021-01-07 18:36:29.956] [exthost] [info] ExtensionService#loadCommonJSModule file:///usr/share/code/resources/app/extensions/git/dist/main
[2021-01-07 18:36:29.997] [exthost] [info] ExtensionService#_doActivateExtension vscode.merge-conflict {"startup":true,"extensionId":{"value":"vscode.merge-conflict","_lower":"vscode.merge-conflict"},"activationEvent":"*"}
[2021-01-07 18:36:29.997] [exthost] [info] ExtensionService#loadCommonJSModule file:///usr/share/code/resources/app/extensions/merge-conflict/dist/mergeConflictMain
[2021-01-07 18:36:30.001] [exthost] [info] ExtensionService#_doActivateExtension vscode.search-result {"startup":true,"extensionId":{"value":"vscode.search-result","_lower":"vscode.search-result"},"activationEvent":"*"}
[2021-01-07 18:36:30.002] [exthost] [info] ExtensionService#loadCommonJSModule file:///usr/share/code/resources/app/extensions/search-result/dist/extension.js
[2021-01-07 18:36:30.003] [exthost] [info] ExtensionService#_doActivateExtension vscode.npm {"startup":true,"extensionId":{"value":"vscode.npm","_lower":"vscode.npm"},"activationEvent":"workspaceContains:package.json"}
[2021-01-07 18:36:30.003] [exthost] [info] ExtensionService#loadCommonJSModule file:///usr/share/code/resources/app/extensions/npm/dist/npmMain
[2021-01-07 18:36:30.127] [exthost] [info] ExtensionService#_doActivateExtension vscode.github {"startup":true,"extensionId":{"value":"vscode.github","_lower":"vscode.github"},"activationEvent":"*"}
[2021-01-07 18:36:30.127] [exthost] [info] ExtensionService#loadCommonJSModule file:///usr/share/code/resources/app/extensions/github/dist/extension.js
[2021-01-07 18:36:30.180] [exthost] [info] ExtensionService#_doActivateExtension ms-vscode.js-debug {"startup":false,"extensionId":{"value":"ms-vscode.js-debug","_lower":"ms-vscode.js-debug"},"activationEvent":"onCommand:extension.js-debug.clearAutoAttachVariables"}
[2021-01-07 18:36:30.180] [exthost] [info] ExtensionService#loadCommonJSModule file:///usr/share/code/resources/app/extensions/ms-vscode.js-debug/src/extension.js
[2021-01-07 18:36:30.319] [exthost] [info] eager extensions activated
[2021-01-07 18:36:30.440] [exthost] [info] ExtensionService#_doActivateExtension vscode.github-authentication {"startup":false,"extensionId":{"value":"vscode.github-authentication","_lower":"vscode.github-authentication"},"activationEvent":"onAuthenticationRequest:github"}
[2021-01-07 18:36:30.440] [exthost] [info] ExtensionService#loadCommonJSModule file:///usr/share/code/resources/app/extensions/github-authentication/dist/extension.js
[2021-01-07 18:37:19.794] [exthost] [warning] [Decorations] CAPPING events from decorations provider vscode.git 362
[2021-01-07 18:37:37.300] [exthost] [warning] [Decorations] CAPPING events from decorations provider vscode.git 361
[2021-01-07 18:37:47.591] [exthost] [warning] [Decorations] CAPPING events from decorations provider vscode.git 361
[2021-01-07 18:37:59.714] [exthost] [warning] [Decorations] CAPPING events from decorations provider vscode.git 361
[2021-01-07 18:38:04.778] [exthost] [warning] [Decorations] CAPPING events from decorations provider vscode.git 361
[2021-01-07 18:38:28.186] [exthost] [warning] [Decorations] CAPPING events from decorations provider vscode.git 361
[2021-01-07 18:38:34.623] [exthost] [warning] [Decorations] CAPPING events from decorations provider vscode.git 361
[2021-01-07 18:38:39.689] [exthost] [warning] [Decorations] CAPPING events from decorations provider vscode.git 361
[2021-01-07 18:38:51.540] [exthost] [warning] [Decorations] CAPPING events from decorations provider vscode.git 361
[2021-01-07 18:40:24.528] [exthost] [warning] [Decorations] CAPPING events from decorations provider vscode.git 361
[2021-01-07 18:44:07.567] [exthost] [warning] [Decorations] CAPPING events from decorations provider vscode.git 361
[2021-01-07 18:44:12.664] [exthost] [warning] [Decorations] CAPPING events from decorations provider vscode.git 361
[2021-01-07 18:45:43.609] [exthost] [warning] [Decorations] CAPPING events from decorations provider vscode.git 361
[2021-01-07 18:45:56.267] [exthost] [warning] [Decorations] CAPPING events from decorations provider vscode.git 361
[2021-01-07 18:46:01.327] [exthost] [warning] [Decorations] CAPPING events from decorations provider vscode.git 361
[2021-01-07 18:46:13.548] [exthost] [warning] [Decorations] CAPPING events from decorations provider vscode.git 361
[2021-01-07 18:46:40.740] [exthost] [warning] [Decorations] CAPPING events from decorations provider vscode.git 361
[2021-01-07 18:47:08.526] [exthost] [warning] [Decorations] CAPPING events from decorations provider vscode.git 361
[2021-01-07 18:47:13.640] [exthost] [warning] [Decorations] CAPPING events from decorations provider vscode.git 361
[2021-01-07 18:47:18.732] [exthost] [warning] [Decorations] CAPPING events from decorations provider vscode.git 361
[2021-01-07 18:47:39.896] [exthost] [warning] [Decorations] CAPPING events from decorations provider vscode.git 361
[2021-01-07 18:47:52.614] [exthost] [warning] [Decorations] CAPPING events from decorations provider vscode.git 361
[2021-01-07 18:47:57.656] [exthost] [warning] [Decorations] CAPPING events from decorations provider vscode.git 361
